<?xml version="1.0" encoding="UTF-8"?>
<testsuite xmlns:xsi="http://www.w3.org/2001/XMLSchema-instance" xsi:noNamespaceSchemaLocation="https://maven.apache.org/surefire/maven-surefire-plugin/xsd/surefire-test-report-3.0.xsd" version="3.0" name="org.openjfx.domain.BroadcastTest" time="0.007" tests="5" errors="0" skipped="0" failures="0">
  <properties>
    <property name="java.specification.version" value="14"/>
    <property name="sun.cpu.isalist" value="amd64"/>
    <property name="sun.jnu.encoding" value="Cp1252"/>
    <property name="java.class.path" value="C:\Users\Laust\Documents\GitHub\Semesterprojekt2\CredIT\target\test-classes;C:\Users\Laust\.m2\repository\org\openjfx\javafx-controls\14\javafx-controls-14.jar;C:\Users\Laust\.m2\repository\org\openjfx\javafx-graphics\14\javafx-graphics-14.jar;C:\Users\Laust\.m2\repository\org\openjfx\javafx-base\14\javafx-base-14.jar;C:\Users\Laust\.m2\repository\org\openjfx\javafx-fxml\14\javafx-fxml-14.jar;C:\Users\Laust\.m2\repository\junit\junit\4.12\junit-4.12.jar;C:\Users\Laust\.m2\repository\org\hamcrest\hamcrest-core\1.3\hamcrest-core-1.3.jar;"/>
    <property name="java.vm.vendor" value="Oracle Corporation"/>
    <property name="sun.arch.data.model" value="64"/>
    <property name="user.variant" value=""/>
    <property name="java.vendor.url" value="https://java.oracle.com/"/>
    <property name="user.timezone" value="Europe/Copenhagen"/>
    <property name="user.country.format" value="DK"/>
    <property name="os.name" value="Windows 10"/>
    <property name="java.vm.specification.version" value="14"/>
    <property name="sun.java.launcher" value="SUN_STANDARD"/>
    <property name="user.country" value="US"/>
    <property name="sun.boot.library.path" value="C:\Users\Laust\.jdks\openjdk-14\bin"/>
    <property name="sun.java.command" value="org.apache.maven.surefire.booter.ForkedBooter C:\Users\Laust\AppData\Local\Temp\surefire1194825012992869727 2020-05-19T13-08-17_865-jvmRun1 surefire16962621677841728794tmp surefire_03520578572117770148tmp"/>
    <property name="jdk.debug" value="release"/>
    <property name="surefire.test.class.path" value="C:\Users\Laust\Documents\GitHub\Semesterprojekt2\CredIT\target\test-classes;C:\Users\Laust\.m2\repository\org\openjfx\javafx-controls\14\javafx-controls-14.jar;C:\Users\Laust\.m2\repository\org\openjfx\javafx-graphics\14\javafx-graphics-14.jar;C:\Users\Laust\.m2\repository\org\openjfx\javafx-base\14\javafx-base-14.jar;C:\Users\Laust\.m2\repository\org\openjfx\javafx-fxml\14\javafx-fxml-14.jar;C:\Users\Laust\.m2\repository\junit\junit\4.12\junit-4.12.jar;C:\Users\Laust\.m2\repository\org\hamcrest\hamcrest-core\1.3\hamcrest-core-1.3.jar;"/>
    <property name="sun.cpu.endian" value="little"/>
    <property name="user.home" value="C:\Users\Laust"/>
    <property name="user.language" value="en"/>
    <property name="java.specification.vendor" value="Oracle Corporation"/>
    <property name="jdk.module.path" value="C:\Users\Laust\Documents\GitHub\Semesterprojekt2\CredIT\target\classes;C:\Users\Laust\.m2\repository\org\openjfx\javafx-controls\14\javafx-controls-14-win.jar;C:\Users\Laust\.m2\repository\org\openjfx\javafx-graphics\14\javafx-graphics-14-win.jar;C:\Users\Laust\.m2\repository\org\openjfx\javafx-base\14\javafx-base-14-win.jar;C:\Users\Laust\.m2\repository\org\openjfx\javafx-fxml\14\javafx-fxml-14-win.jar;C:\Users\Laust\.m2\repository\org\postgresql\postgresql\42.2.10.jre7\postgresql-42.2.10.jre7.jar"/>
    <property name="java.version.date" value="2020-03-17"/>
    <property name="java.home" value="C:\Users\Laust\.jdks\openjdk-14"/>
    <property name="file.separator" value="\"/>
    <property name="basedir" value="C:\Users\Laust\Documents\GitHub\Semesterprojekt2\CredIT"/>
    <property name="java.vm.compressedOopsMode" value="Zero based"/>
    <property name="line.separator" value="&#10;"/>
    <property name="java.vm.specification.vendor" value="Oracle Corporation"/>
    <property name="java.specification.name" value="Java Platform API Specification"/>
    <property name="idea.version2020.1.1" value="true"/>
    <property name="surefire.real.class.path" value="C:\Users\Laust\.m2\repository\org\apache\maven\surefire\surefire-booter\3.0.0-M4\surefire-booter-3.0.0-M4.jar;C:\Users\Laust\.m2\repository\org\apache\maven\surefire\surefire-api\3.0.0-M4\surefire-api-3.0.0-M4.jar;C:\Users\Laust\.m2\repository\org\apache\maven\surefire\surefire-logger-api\3.0.0-M4\surefire-logger-api-3.0.0-M4.jar;C:\Users\Laust\Documents\GitHub\Semesterprojekt2\CredIT\target\test-classes;C:\Users\Laust\.m2\repository\org\openjfx\javafx-controls\14\javafx-controls-14.jar;C:\Users\Laust\.m2\repository\org\openjfx\javafx-graphics\14\javafx-graphics-14.jar;C:\Users\Laust\.m2\repository\org\openjfx\javafx-base\14\javafx-base-14.jar;C:\Users\Laust\.m2\repository\org\openjfx\javafx-fxml\14\javafx-fxml-14.jar;C:\Users\Laust\.m2\repository\junit\junit\4.12\junit-4.12.jar;C:\Users\Laust\.m2\repository\org\hamcrest\hamcrest-core\1.3\hamcrest-core-1.3.jar;C:\Users\Laust\.m2\repository\org\apache\maven\surefire\surefire-junit47\3.0.0-M4\surefire-junit47-3.0.0-M4.jar;C:\Users\Laust\.m2\repository\org\apache\maven\surefire\common-java5\3.0.0-M4\common-java5-3.0.0-M4.jar;C:\Users\Laust\.m2\repository\org\apache\maven\surefire\common-junit3\3.0.0-M4\common-junit3-3.0.0-M4.jar;C:\Users\Laust\.m2\repository\org\apache\maven\surefire\common-junit4\3.0.0-M4\common-junit4-3.0.0-M4.jar;C:\Users\Laust\.m2\repository\org\apache\maven\surefire\common-junit48\3.0.0-M4\common-junit48-3.0.0-M4.jar;C:\Users\Laust\.m2\repository\org\apache\maven\surefire\surefire-grouper\3.0.0-M4\surefire-grouper-3.0.0-M4.jar"/>
    <property name="user.script" value=""/>
    <property name="sun.management.compiler" value="HotSpot 64-Bit Tiered Compilers"/>
    <property name="java.runtime.version" value="14+36-1461"/>
    <property name="user.name" value="Laust"/>
    <property name="path.separator" value=";"/>
    <property name="os.version" value="10.0"/>
    <property name="java.runtime.name" value="OpenJDK Runtime Environment"/>
    <property name="file.encoding" value="Cp1252"/>
    <property name="java.vm.name" value="OpenJDK 64-Bit Server VM"/>
    <property name="localRepository" value="C:\Users\Laust\.m2\repository"/>
    <property name="java.vendor.url.bug" value="https://bugreport.java.com/bugreport/"/>
    <property name="java.io.tmpdir" value="C:\Users\Laust\AppData\Local\Temp\"/>
    <property name="java.version" value="14"/>
    <property name="user.dir" value="C:\Users\Laust\Documents\GitHub\Semesterprojekt2\CredIT"/>
    <property name="os.arch" value="amd64"/>
    <property name="java.vm.specification.name" value="Java Virtual Machine Specification"/>
    <property name="user.language.format" value="da"/>
    <property name="sun.os.patch.level" value=""/>
    <property name="java.library.path" value="C:\Users\Laust\.jdks\openjdk-14\bin;C:\WINDOWS\Sun\Java\bin;C:\WINDOWS\system32;C:\WINDOWS;C:\Program Files (x86)\Common Files\Oracle\Java\javapath;C:\ProgramData\Oracle\Java\javapath;C:\Windows\system32;C:\Windows;C:\Windows\System32\Wbem;C:\Windows\System32\WindowsPowerShell\v1.0\;C:\Program Files\dotnet\;C:\Program Files\Microsoft SQL Server\130\Tools\Binn\;C:\WINDOWS\system32;C:\WINDOWS;C:\WINDOWS\System32\Wbem;C:\WINDOWS\System32\WindowsPowerShell\v1.0\;C:\WINDOWS\System32\OpenSSH\;C:\Program Files\NVIDIA Corporation\NVIDIA NvDLISR;C:\WINDOWS\system32;C:\WINDOWS;C:\WINDOWS\System32\Wbem;C:\WINDOWS\System32\WindowsPowerShell\v1.0\;C:\WINDOWS\System32\OpenSSH\;C:\Program Files\Git\cmd;C:\Program Files (x86)\NVIDIA Corporation\PhysX\Common;C:\Program Files\Microsoft SQL Server\Client SDK\ODBC\170\Tools\Binn\;C:\Users\Laust\AppData\Local\Programs\Python\Python38-32\Scripts\;C:\Users\Laust\AppData\Local\Programs\Python\Python38-32\;C:\Users\Laust\AppData\Local\Microsoft\WindowsApps;C:\Users\Laust\AppData\Local\GitHubDesktop\bin;C:\Users\Laust\AppData\Local\Programs\Microsoft VS Code\bin;C:\Program Files\JetBrains\PyCharm 2020.1.1\bin;;."/>
    <property name="java.vm.info" value="mixed mode"/>
    <property name="java.vendor" value="Oracle Corporation"/>
    <property name="java.vm.version" value="14+36-1461"/>
    <property name="sun.io.unicode.encoding" value="UnicodeLittle"/>
    <property name="java.class.version" value="58.0"/>
  </properties>
  <testcase name="getName" classname="org.openjfx.domain.BroadcastTest" time="0.007"/>
  <testcase name="getAirDate" classname="org.openjfx.domain.BroadcastTest" time="0.007"/>
  <testcase name="getEpisodeNumber" classname="org.openjfx.domain.BroadcastTest" time="0.005"/>
  <testcase name="getId" classname="org.openjfx.domain.BroadcastTest" time="0.005"/>
  <testcase name="getSeasonNumber" classname="org.openjfx.domain.BroadcastTest" time="0.005"/>
</testsuite>